Started HTTP and WebSocket JSON-RPC server at http://127.0.0.1:8545/

Accounts
========

WARNING: These accounts, and their private keys, are publicly known.
Any funds sent to them on Mainnet or any other live network WILL BE LOST.

Account #0: 0xf39Fd6e51aad88F6F4ce6aB8827279cffFb92266 (10000 ETH)
Private Key: 0xac0974bec39a17e36ba4a6b4d238ff944bacb478cbed5efcae784d7bf4f2ff80

Account #1: 0x70997970C51812dc3A010C7d01b50e0d17dc79C8 (10000 ETH)
Private Key: 0x59c6995e998f97a5a0044966f0945389dc9e86dae88c7a8412f4603b6b78690d

Account #2: 0x3C44CdDdB6a900fa2b585dd299e03d12FA4293BC (10000 ETH)
Private Key: 0x5de4111afa1a4b94908f83103eb1f1706367c2e68ca870fc3fb9a804cdab365a

Account #3: 0x90F79bf6EB2c4f870365E785982E1f101E93b906 (10000 ETH)
Private Key: 0x7c852118294e51e653712a81e05800f419141751be58f605c371e15141b007a6

Account #4: 0x15d34AAf54267DB7D7c367839AAf71A00a2C6A65 (10000 ETH)
Private Key: 0x47e179ec197488593b187f80a00eb0da91f1b9d0b13f8733639f19c30a34926a

Account #5: 0x9965507D1a55bcC2695C58ba16FB37d819B0A4dc (10000 ETH)
Private Key: 0x8b3a350cf5c34c9194ca85829a2df0ec3153be0318b5e2d3348e872092edffba

Account #6: 0x976EA74026E726554dB657fA54763abd0C3a0aa9 (10000 ETH)
Private Key: 0x92db14e403b83dfe3df233f83dfa3a0d7096f21ca9b0d6d6b8d88b2b4ec1564e

Account #7: 0x14dC79964da2C08b23698B3D3cc7Ca32193d9955 (10000 ETH)
Private Key: 0x4bbbf85ce3377467afe5d46f804f221813b2bb87f24d81f60f1fcdbf7cbf4356

Account #8: 0x23618e81E3f5cdF7f54C3d65f7FBc0aBf5B21E8f (10000 ETH)
Private Key: 0xdbda1821b80551c9d65939329250298aa3472ba22feea921c0cf5d620ea67b97

Account #9: 0xa0Ee7A142d267C1f36714E4a8F75612F20a79720 (10000 ETH)
Private Key: 0x2a871d0798f97d79848a013d4936a73bf4cc922c825d33c1cf7073dff6d409c6

Account #10: 0xBcd4042DE499D14e55001CcbB24a551F3b954096 (10000 ETH)
Private Key: 0xf214f2b2cd398c806f84e317254e0f0b801d0643303237d97a22a48e01628897

Account #11: 0x71bE63f3384f5fb98995898A86B02Fb2426c5788 (10000 ETH)
Private Key: 0x701b615bbdfb9de65240bc28bd21bbc0d996645a3dd57e7b12bc2bdf6f192c82

Account #12: 0xFABB0ac9d68B0B445fB7357272Ff202C5651694a (10000 ETH)
Private Key: 0xa267530f49f8280200edf313ee7af6b827f2a8bce2897751d06a843f644967b1

Account #13: 0x1CBd3b2770909D4e10f157cABC84C7264073C9Ec (10000 ETH)
Private Key: 0x47c99abed3324a2707c28affff1267e45918ec8c3f20b8aa892e8b065d2942dd

Account #14: 0xdF3e18d64BC6A983f673Ab319CCaE4f1a57C7097 (10000 ETH)
Private Key: 0xc526ee95bf44d8fc405a158bb884d9d1238d99f0612e9f33d006bb0789009aaa

Account #15: 0xcd3B766CCDd6AE721141F452C550Ca635964ce71 (10000 ETH)
Private Key: 0x8166f546bab6da521a8369cab06c5d2b9e46670292d85c875ee9ec20e84ffb61

Account #16: 0x2546BcD3c84621e976D8185a91A922aE77ECEc30 (10000 ETH)
Private Key: 0xea6c44ac03bff858b476bba40716402b03e41b8e97e276d1baec7c37d42484a0

Account #17: 0xbDA5747bFD65F08deb54cb465eB87D40e51B197E (10000 ETH)
Private Key: 0x689af8efa8c651a91ad287602527f3af2fe9f6501a7ac4b061667b5a93e037fd

Account #18: 0xdD2FD4581271e230360230F9337D5c0430Bf44C0 (10000 ETH)
Private Key: 0xde9be858da4a475276426320d5e9262ecfc3ba460bfac56360bfa6c4c28b4ee0

Account #19: 0x8626f6940E2eb28930eFb4CeF49B2d1F2C9C1199 (10000 ETH)
Private Key: 0xdf57089febbacf7ba0bc227dafbffa9fc08a93fdc68e1e42411a14efcf23656e

WARNING: These accounts, and their private keys, are publicly known.
Any funds sent to them on Mainnet or any other live network WILL BE LOST.

[32meth_accounts[0m
[32mhardhat_metadata[0m
[32mhardhat_metadata (2)[0m
[32mhardhat_metadata (3)[0m
[32mhardhat_metadata (4)[0m
[32mhardhat_metadata (5)[0m
[32mhardhat_metadata (6)[0m
[32mhardhat_metadata (7)[0m
[32mhardhat_metadata (8)[0m
[32mhardhat_metadata (9)[0m
[32mhardhat_metadata (10)[0m
[32mhardhat_metadata (11)[0m
[32mhardhat_metadata (12)[0m
[32mhardhat_metadata (13)[0m
[32mhardhat_metadata (14)[0m
[32mhardhat_metadata (15)[0m
[32mhardhat_metadata (16)[0m
[32mhardhat_metadata (17)[0m
[32mhardhat_metadata (18)[0m
[32mhardhat_metadata (19)[0m
[32mhardhat_metadata (20)[0m
[32meth_accounts[0m
[32mhardhat_metadata[0m
[32mhardhat_metadata (2)[0m
[32mhardhat_metadata (3)[0m
[32mhardhat_metadata (4)[0m
[32mhardhat_metadata (5)[0m
[32mhardhat_metadata (6)[0m
[32mhardhat_metadata (7)[0m
[32mhardhat_metadata (8)[0m
[32mhardhat_metadata (9)[0m
[32mhardhat_metadata (10)[0m
[32mhardhat_metadata (11)[0m
[32mhardhat_metadata (12)[0m
[32mhardhat_metadata (13)[0m
[32mhardhat_metadata (14)[0m
[32mhardhat_metadata (15)[0m
[32mhardhat_metadata (16)[0m
[32mhardhat_metadata (17)[0m
[32mhardhat_metadata (18)[0m
[32mhardhat_metadata (19)[0m
[32mhardhat_metadata (20)[0m
[32meth_blockNumber[0m
[32meth_getBlockByNumber[0m
[32meth_feeHistory[0m
[32meth_maxPriorityFeePerGas[0m
[32meth_sendTransaction[0m
  Contract deployment: AlphaHelixToken
  Contract address:    0x5fbdb2315678afecb367f032d93f642f64180aa3
  Transaction:         0xfbb635713cace5ce5e8f02adcabf10d1a003ddba3f6e912e042a1ae9fa5e4a98
  From:                0xf39fd6e51aad88f6f4ce6ab8827279cfffb92266
  Value:               0 ETH
  Gas used:            791275 of 16777216
  Block #1:            0x9c19609bd122a00e885fe9026751ab756e38c773bb08381340470bba9fcda705

[32meth_getTransactionByHash[0m
[32meth_getTransactionReceipt[0m
[32meth_accounts[0m
[32mhardhat_metadata[0m
[32mhardhat_metadata (2)[0m
[32mhardhat_metadata (3)[0m
[32mhardhat_metadata (4)[0m
[32mhardhat_metadata (5)[0m
[32mhardhat_metadata (6)[0m
[32mhardhat_metadata (7)[0m
[32mhardhat_metadata (8)[0m
[32mhardhat_metadata (9)[0m
[32mhardhat_metadata (10)[0m
[32mhardhat_metadata (11)[0m
[32mhardhat_metadata (12)[0m
[32mhardhat_metadata (13)[0m
[32mhardhat_metadata (14)[0m
[32mhardhat_metadata (15)[0m
[32mhardhat_metadata (16)[0m
[32mhardhat_metadata (17)[0m
[32mhardhat_metadata (18)[0m
[32mhardhat_metadata (19)[0m
[32mhardhat_metadata (20)[0m
[32meth_blockNumber[0m
[32meth_feeHistory[0m
[32meth_sendTransaction[0m
  Contract deployment: HelixReserve
  Contract address:    0xe7f1725e7734ce288f8367e1bb143e90bb3f0512
  Transaction:         0x1aab3c949eaca3b09200540681b9428d345c81ece7bddd000b62fdfea97aa163
  From:                0xf39fd6e51aad88f6f4ce6ab8827279cfffb92266
  Value:               0 ETH
  Gas used:            805345 of 16777216
  Block #2:            0x15f9aabf91a253bdf9ad28f7d2d7b880228dc1dcd22c17bd7504599591794c2a

[32meth_getTransactionByHash[0m
[32meth_getTransactionReceipt[0m
[32meth_accounts[0m
[32mhardhat_metadata[0m
[32mhardhat_metadata (2)[0m
[32mhardhat_metadata (3)[0m
[32mhardhat_metadata (4)[0m
[32mhardhat_metadata (5)[0m
[32mhardhat_metadata (6)[0m
[32mhardhat_metadata (7)[0m
[32mhardhat_metadata (8)[0m
[32mhardhat_metadata (9)[0m
[32mhardhat_metadata (10)[0m
[32mhardhat_metadata (11)[0m
[32mhardhat_metadata (12)[0m
[32mhardhat_metadata (13)[0m
[32mhardhat_metadata (14)[0m
[32mhardhat_metadata (15)[0m
[32mhardhat_metadata (16)[0m
[32mhardhat_metadata (17)[0m
[32mhardhat_metadata (18)[0m
[32mhardhat_metadata (19)[0m
[32mhardhat_metadata (20)[0m
[32meth_blockNumber[0m
[32meth_feeHistory[0m
[32meth_sendTransaction[0m
  Contract deployment: HelixMarket
  Contract address:    0x9fe46736679d2d9a65f0992f2272de9f3c7fa6e0
  Transaction:         0xaf409b3c3283a07398f94c9c7a4e3f5e93b1d9712a2dae53212391ac5f0d3e7f
  From:                0xf39fd6e51aad88f6f4ce6ab8827279cfffb92266
  Value:               0 ETH
  Gas used:            1609050 of 16777216
  Block #3:            0x8fdaf8c8e678231d1eeb2e7c8b137039db8f16180aeed0708dabb3fa5570dc82

[32meth_getTransactionByHash[0m
[32meth_getTransactionReceipt[0m
[32meth_call[0m
  Contract call:       AlphaHelixToken#MINTER_ROLE
  From:                0xf39fd6e51aad88f6f4ce6ab8827279cfffb92266
  To:                  0x5fbdb2315678afecb367f032d93f642f64180aa3

[32meth_blockNumber[0m
[32meth_feeHistory[0m
[32meth_sendTransaction[0m
  Contract call:       AlphaHelixToken#grantRole
  Transaction:         0x3d4ab6ffeaa7d6a5b6c43dd6e808000778c3a3348eafe952d0797e266381cb81
  From:                0xf39fd6e51aad88f6f4ce6ab8827279cfffb92266
  To:                  0x5fbdb2315678afecb367f032d93f642f64180aa3
  Value:               0 ETH
  Gas used:            51520 of 16777216
  Block #4:            0x6031bf11a249d49b8e095d04e282a592dd11c4a2dbcccfadefaf02f0e1e5fb1d

[32meth_getTransactionByHash[0m
[32meth_getTransactionReceipt[0m
[32meth_blockNumber[0m
[32meth_feeHistory[0m
[32meth_sendTransaction[0m
  Contract call:       AlphaHelixToken#grantRole
  Transaction:         0xf663b17c4eb331981c85afc68c0a5078c86ac936ec0038c6ef684ada1f4d1753
  From:                0xf39fd6e51aad88f6f4ce6ab8827279cfffb92266
  To:                  0x5fbdb2315678afecb367f032d93f642f64180aa3
  Value:               0 ETH
  Gas used:            51520 of 16777216
  Block #5:            0x56e06bed7568f9878d78f8e309dd01fde2ac37f37ec1de12fd2d3c98099ae474

[32meth_getTransactionByHash[0m
[32meth_getTransactionReceipt[0m
[32meth_blockNumber[0m
[32meth_feeHistory[0m
[32meth_sendTransaction[0m
  Contract call:       AlphaHelixToken#mint
  Transaction:         0x16b9b008dbbfaf6d8f94b0ca3b688ee0c36d5416bbb44e01e95fd0379422b925
  From:                0xf39fd6e51aad88f6f4ce6ab8827279cfffb92266
  To:                  0x5fbdb2315678afecb367f032d93f642f64180aa3
  Value:               0 ETH
  Gas used:            70853 of 16777216
  Block #6:            0xbb950cd7fa7b61e011568547ca04eda011725cf941919824764bb18a21910fea

[32meth_getTransactionByHash[0m
[32meth_getTransactionReceipt[0m
[32meth_blockNumber[0m
[32meth_feeHistory[0m
[32meth_sendTransaction[0m
  Contract call:       AlphaHelixToken#approve
  Transaction:         0x1866e2574634a35b0881f0d590d627aed1465fc4afe708f5973848096416f6bc
  From:                0xf39fd6e51aad88f6f4ce6ab8827279cfffb92266
  To:                  0x5fbdb2315678afecb367f032d93f642f64180aa3
  Value:               0 ETH
  Gas used:            46413 of 16777216
  Block #7:            0xb4f48ea0a10865491fd4c553af6d9e2a3a56449603476bfd4236e4dde9f4be9d

[32meth_getTransactionByHash[0m
[32meth_getTransactionReceipt[0m
[32meth_blockNumber[0m
[32meth_feeHistory[0m
[32meth_sendTransaction[0m
  Contract call:       AlphaHelixToken#mint
  Transaction:         0xd7455e94f8448a7b2325e5233b5ff5270067a35a2e71099e06598da9d0c7f06f
  From:                0xf39fd6e51aad88f6f4ce6ab8827279cfffb92266
  To:                  0x5fbdb2315678afecb367f032d93f642f64180aa3
  Value:               0 ETH
  Gas used:            53753 of 16777216
  Block #8:            0xb7b7789692dd05a0ef4d1889ca0b57d38978847f764bccf02e2efac5f3a9b63e

[32meth_getTransactionByHash[0m
[32meth_getTransactionReceipt[0m
[32meth_blockNumber[0m
[32meth_feeHistory[0m
[32meth_sendTransaction[0m
  Contract call:       AlphaHelixToken#approve
  Transaction:         0x6d5b15d421add8fa8abcc0bc303bbadb02d2b1b172ed2e7e66da981f004efa33
  From:                0x70997970c51812dc3a010c7d01b50e0d17dc79c8
  To:                  0x5fbdb2315678afecb367f032d93f642f64180aa3
  Value:               0 ETH
  Gas used:            46413 of 16777216
  Block #9:            0x3f6aed89b3083c71df418159aca411c518929f600a229597229de4a23c30c258

[32meth_getTransactionByHash[0m
[32meth_getTransactionReceipt[0m
[32meth_blockNumber[0m
[32meth_feeHistory[0m
[32meth_sendTransaction[0m
  Contract call:       AlphaHelixToken#mint
  Transaction:         0xaa1bc6e9ffb7f1a9833671ae31abf4ee5a7fbd5aa282f8b227c0a6d4ccb087f4
  From:                0xf39fd6e51aad88f6f4ce6ab8827279cfffb92266
  To:                  0x5fbdb2315678afecb367f032d93f642f64180aa3
  Value:               0 ETH
  Gas used:            53741 of 16777216
  Block #10:           0x044e4073c43697b998e9df2f6fd14c8756f1eea39a54da4db0f1d6f4b36407c1

[32meth_getTransactionByHash[0m
[32meth_getTransactionReceipt[0m
[32meth_blockNumber[0m
[32meth_feeHistory[0m
[32meth_sendTransaction[0m
  Contract call:       AlphaHelixToken#approve
  Transaction:         0x8ba9ab10993aaf69d2b5e56ffdd2c43eff9338e74ff492b61ff5ec16a4b1b8bf
  From:                0x3c44cdddb6a900fa2b585dd299e03d12fa4293bc
  To:                  0x5fbdb2315678afecb367f032d93f642f64180aa3
  Value:               0 ETH
  Gas used:            46413 of 16777216
  Block #11:           0x9bd844613c18f3bf2b775d0d3acc8c293a3a6fb4db65753bf535a2d44e34b691

[32meth_getTransactionByHash[0m
[32meth_getTransactionReceipt[0m
[32meth_blockNumber[0m
[32meth_feeHistory[0m
[32meth_sendTransaction[0m
  Contract call:       HelixMarket#submitStatement
  Transaction:         0x4fa1226f145de1db10456dc05268c4b76906b2f8d42cc500cd2f3994af800a77
  From:                0xf39fd6e51aad88f6f4ce6ab8827279cfffb92266
  To:                  0x9fe46736679d2d9a65f0992f2272de9f3c7fa6e0
  Value:               0 ETH
  Gas used:            228837 of 16777216
  Block #12:           0x172455bb10ee767e45dbd79612790fb1eed8cd8a759b0cfa1e2cfa60beb16cbc

[32meth_getTransactionByHash[0m
[32meth_getTransactionReceipt[0m
[32meth_blockNumber[0m
[32meth_feeHistory[0m
[32meth_sendTransaction[0m
  Contract call:       HelixMarket#submitStatement
  Transaction:         0x8780166b7edd9e88125c4abec17f0b09d7308754ae5faa75d0e8f7562c0a1d74
  From:                0xf39fd6e51aad88f6f4ce6ab8827279cfffb92266
  To:                  0x9fe46736679d2d9a65f0992f2272de9f3c7fa6e0
  Value:               0 ETH
  Gas used:            149675 of 16777216
  Block #13:           0x12d64081efd8eaab5907abfa4ddfb95be211bf3579621bacdd9373aba3ee5e3a

[32meth_getTransactionByHash[0m
[32meth_getTransactionReceipt[0m
[32meth_blockNumber[0m
[32meth_feeHistory[0m
[32meth_sendTransaction[0m
  Contract call:       HelixMarket#commitBet
  Transaction:         0x9a060ab469dd8b78f0db6b6b19e7a71bc7eca2cfdf6d40181626c6863cabd53e
  From:                0x70997970c51812dc3a010c7d01b50e0d17dc79c8
  To:                  0x9fe46736679d2d9a65f0992f2272de9f3c7fa6e0
  Value:               0 ETH
  Gas used:            134574 of 16777216
  Block #14:           0xd60151180fcffd31d61187ad6a6237daba8498124c81b5fc94adc40946007f5e

[32meth_getTransactionByHash[0m
[32meth_getTransactionReceipt[0m
[32meth_blockNumber[0m
[32meth_feeHistory[0m
[32meth_sendTransaction[0m
  Contract call:       HelixMarket#commitBet
  Transaction:         0x81d6a6c3780e685d22e4232a92fe34dda654493c16f4cbe1f3d8173fb7149712
  From:                0x3c44cdddb6a900fa2b585dd299e03d12fa4293bc
  To:                  0x9fe46736679d2d9a65f0992f2272de9f3c7fa6e0
  Value:               0 ETH
  Gas used:            117486 of 16777216
  Block #15:           0x51b25af480790008a2c530386ce4732b856686f9d37d04f56de287a910d3b2b0

[32meth_getTransactionByHash[0m
[32meth_getTransactionReceipt[0m
[32meth_blockNumber[0m
[32meth_feeHistory[0m
[32meth_sendTransaction[0m
  Contract call:       HelixMarket#commitBet
  Transaction:         0x0d35c5117830855a108c2af360f4fd751cae9be85fe0252b333bec132a6f2d24
  From:                0xf39fd6e51aad88f6f4ce6ab8827279cfffb92266
  To:                  0x9fe46736679d2d9a65f0992f2272de9f3c7fa6e0
  Value:               0 ETH
  Gas used:            117486 of 16777216
  Block #16:           0xcce03323eaf46950bea0515bb7acd68ee04b845598a7ce6ef28e39a196eafaff

[32meth_getTransactionByHash[0m
[32meth_getTransactionReceipt[0m
[32meth_blockNumber[0m
[32meth_feeHistory[0m
[32meth_sendTransaction[0m
  Contract call:       HelixMarket#submitStatement
  Transaction:         0x2c54299bab0ded28e3009cb084b3a2024de7f36e0987c4d35abeb0200894fb6d
  From:                0xf39fd6e51aad88f6f4ce6ab8827279cfffb92266
  To:                  0x9fe46736679d2d9a65f0992f2272de9f3c7fa6e0
  Value:               0 ETH
  Gas used:            149687 of 16777216
  Block #17:           0xeae6b19f794c018784942bb683438ee011c2f0dcd4f2f07ee8681a876c6d06cf

[32meth_getTransactionByHash[0m
[32meth_getTransactionReceipt[0m
[32meth_blockNumber[0m
[32meth_feeHistory[0m
[32meth_sendTransaction[0m
  Contract call:       HelixMarket#commitBet
  Transaction:         0x2be3ad90f87f8e38c63ee0ba6745cd2722fe31ad67549d5037c59ba7cbff91b0
  From:                0x70997970c51812dc3a010c7d01b50e0d17dc79c8
  To:                  0x9fe46736679d2d9a65f0992f2272de9f3c7fa6e0
  Value:               0 ETH
  Gas used:            117486 of 16777216
  Block #18:           0x76f507a5a6016ca4233d6f393b08c28b9a0d2515857057794035f436bb64afd5

[32meth_getTransactionByHash[0m
[32meth_getTransactionReceipt[0m
[32meth_blockNumber[0m
[32meth_feeHistory[0m
[32meth_sendTransaction[0m
  Contract call:       HelixMarket#commitBet
  Transaction:         0xdc1105a830d851b45ebae208a148ff3792f66a1b4f974d21e652effa878ae1ed
  From:                0x3c44cdddb6a900fa2b585dd299e03d12fa4293bc
  To:                  0x9fe46736679d2d9a65f0992f2272de9f3c7fa6e0
  Value:               0 ETH
  Gas used:            117486 of 16777216
  Block #19:           0x4794d5ad414b1284db876d5fdf9cc81873ded06402770ecacbba251c8bf96b3b

[32meth_getTransactionByHash[0m
[32meth_getTransactionReceipt[0m
[32mevm_increaseTime[0m
[32mevm_mine[0m
  Mined empty block #20 with base fee 72404533

[32meth_call[0m
  Contract call:       HelixMarket#markets
  From:                0xf39fd6e51aad88f6f4ce6ab8827279cfffb92266
  To:                  0x9fe46736679d2d9a65f0992f2272de9f3c7fa6e0

[32meth_call[0m
  Contract call:       HelixMarket#markets
  From:                0xf39fd6e51aad88f6f4ce6ab8827279cfffb92266
  To:                  0x9fe46736679d2d9a65f0992f2272de9f3c7fa6e0

[32meth_call[0m
  Contract call:       HelixMarket#markets
  From:                0xf39fd6e51aad88f6f4ce6ab8827279cfffb92266
  To:                  0x9fe46736679d2d9a65f0992f2272de9f3c7fa6e0

[32meth_getBlockByNumber[0m
[32meth_accounts[0m
[32meth_call[0m
  Contract call:       HelixMarket#marketCount
  From:                0xf39fd6e51aad88f6f4ce6ab8827279cfffb92266
  To:                  0x9fe46736679d2d9a65f0992f2272de9f3c7fa6e0

[32meth_call[0m
  Contract call:       HelixMarket#markets
  From:                0xf39fd6e51aad88f6f4ce6ab8827279cfffb92266
  To:                  0x9fe46736679d2d9a65f0992f2272de9f3c7fa6e0

[32meth_call[0m
  Contract call:       HelixMarket#markets
  From:                0xf39fd6e51aad88f6f4ce6ab8827279cfffb92266
  To:                  0x9fe46736679d2d9a65f0992f2272de9f3c7fa6e0

[32meth_call[0m
  Contract call:       HelixMarket#markets
  From:                0xf39fd6e51aad88f6f4ce6ab8827279cfffb92266
  To:                  0x9fe46736679d2d9a65f0992f2272de9f3c7fa6e0
